[05-Aug-2020 16:37:35 UTC] PHP Warning:  mysqli_connect(): (HY000/2002): No such file or directory in /var/www/php.learn/config.php on line 9
[05-Aug-2020 16:39:11 UTC] PHP Warning:  mysqli_connect(): (HY000/2002): No such file or directory in /var/www/php.learn/config.php on line 9
[05-Aug-2020 17:40:57 UTC] PHP Parse error:  syntax error, unexpected 'fn' (T_FN), expecting '(' in /var/www/php.learn/books.php on line 3
[05-Aug-2020 17:41:55 UTC] PHP Fatal error:  Uncaught Error: Class 'Book' not found in /var/www/php.learn/books.php:8
Stack trace:
#0 {main}
  thrown in /var/www/php.learn/books.php on line 8
[05-Aug-2020 17:42:27 UTC] PHP Fatal error:  Uncaught Error: Class 'Book' not found in /var/www/php.learn/books.php:8
Stack trace:
#0 {main}
  thrown in /var/www/php.learn/books.php on line 8
[05-Aug-2020 18:24:22 UTC] PHP Notice:  Undefined variable: err in /var/www/php.learn/books.php on line 19
[05-Aug-2020 18:24:22 UTC] PHP Fatal error:  Uncaught Error: Call to a member function getMessage() on null in /var/www/php.learn/books.php:19
Stack trace:
#0 {main}
  thrown in /var/www/php.learn/books.php on line 19
[07-Aug-2020 16:32:12 UTC] PHP Warning:  count(): Parameter must be an array or an object that implements Countable in /var/www/php.learn/books.php on line 28
[07-Aug-2020 16:32:12 UTC] PHP Fatal error:  Uncaught Error: Cannot use object of type Journal as array in /var/www/php.learn/books.php:29
Stack trace:
#0 {main}
  thrown in /var/www/php.learn/books.php on line 29
[10-Aug-2020 16:03:43 UTC] PHP Notice:  Undefined variable: dbLink in /var/www/php.learn/formAddBook.php on line 28
[10-Aug-2020 16:03:43 UTC] PHP Warning:  mysqli::prepare() expects exactly 1 parameter, 2 given in /var/www/php.learn/formAddBook.php on line 28
[10-Aug-2020 16:04:58 UTC] PHP Notice:  Undefined variable: dbLink in /var/www/php.learn/formAddBook.php on line 28
[10-Aug-2020 16:04:58 UTC] PHP Warning:  mysqli::prepare() expects exactly 1 parameter, 2 given in /var/www/php.learn/formAddBook.php on line 28
[10-Aug-2020 16:22:59 UTC] PHP Notice:  Undefined index: title in /var/www/php.learn/library.php on line 91
[10-Aug-2020 16:24:15 UTC] PHP Fatal error:  Uncaught Error: Cannot pass parameter 2 by reference in /var/www/php.learn/formAddBook.php:103
Stack trace:
#0 {main}
  thrown in /var/www/php.learn/formAddBook.php on line 103
[10-Aug-2020 16:24:54 UTC] PHP Notice:  Only variables should be passed by reference in /var/www/php.learn/formAddBook.php on line 103
[10-Aug-2020 16:24:54 UTC] PHP Warning:  mysqli_stmt::bind_result(): Number of bind variables doesn't match number of fields in prepared statement in /var/www/php.learn/formAddBook.php on line 105
[10-Aug-2020 16:29:44 UTC] PHP Notice:  Only variables should be passed by reference in /var/www/php.learn/formAddBook.php on line 120
[10-Aug-2020 16:29:44 UTC] PHP Warning:  mysqli_stmt::bind_result(): Number of bind variables doesn't match number of fields in prepared statement in /var/www/php.learn/formAddBook.php on line 122
[10-Aug-2020 16:30:39 UTC] PHP Warning:  mysqli_stmt::bind_result(): Number of bind variables doesn't match number of fields in prepared statement in /var/www/php.learn/formAddBook.php on line 123
